{"C:\\Users\\Landy\\Desktop\\автоматизация\\debug\\debug.js": {"path":"C:\\Users\\Landy\\Desktop\\автоматизация\\debug\\debug.js","statementMap":{"0":{"start":{"line":1,"column":23},"end":{"line":14,"column":5}},"1":{"start":{"line":3,"column":16},"end":{"line":3,"column":21}},"2":{"start":{"line":4,"column":4},"end":{"line":4,"column":13}},"3":{"start":{"line":8,"column":4},"end":{"line":8,"column":44}},"4":{"start":{"line":9,"column":4},"end":{"line":9,"column":13}},"5":{"start":{"line":13,"column":4},"end":{"line":13,"column":17}},"6":{"start":{"line":18,"column":3},"end":{"line":18,"column":35}}},"fnMap":{"0":{"name":"(anonymous_0)","decl":{"start":{"line":1,"column":23},"end":{"line":1,"column":24}},"loc":{"start":{"line":1,"column":33},"end":{"line":14,"column":5}},"line":1}},"branchMap":{"0":{"loc":{"start":{"line":8,"column":4},"end":{"line":8,"column":43}},"type":"cond-expr","locations":[{"start":{"line":8,"column":16},"end":{"line":8,"column":26}},{"start":{"line":8,"column":31},"end":{"line":8,"column":42}}],"line":8}},"s":{"0":1,"1":10,"2":10,"3":10,"4":10,"5":10,"6":1},"f":{"0":10},"b":{"0":[2,8]},"_coverageSchema":"1a1c01bbd47fc00a2c39e90264f33305004495a9","hash":"51934bd880f9a8fe5039a3c5fb6905985d36202e"}
}
